<?xml version="1.0" encoding="UTF-8"?>
<!-- Generated by org.testng.reporters.JUnitReportReporter -->
<testsuite skipped="0" hostname="FTD-NB-SRIKANTH" name="com.api.qa.test.GoogleSearch" tests="1" failures="0" timestamp="09 Jan 2019 11:50:30 GMT" time="29.245" errors="0">
  <testcase name="test1" time="29.245" classname="com.api.qa.test.GoogleSearch"/>
</testsuite> <!-- com.api.qa.test.GoogleSearch -->
