<?xml version="1.0" encoding="UTF-8"?>
<!-- Generated by org.testng.reporters.JUnitReportReporter -->
<testsuite skipped="0" hostname="FTD-NB-SRIKANTH" name="com.api.qa.test.GoogleSearch" tests="1" failures="0" timestamp="09 Jan 2019 10:47:52 GMT" time="12.679" errors="0">
  <testcase name="test1" time="12.679" classname="com.api.qa.test.GoogleSearch"/>
</testsuite> <!-- com.api.qa.test.GoogleSearch -->
